2019-06-03 17:25:21.005 INFO  com.itstyle.cloud.Application Line:48  - Starting Application on WIN10-2019 with PID 18560 (D:\Develop\github\CloudDisk\target\classes started by Administrator in D:\Develop\github\CloudDisk)
2019-06-03 17:25:21.007 INFO  com.itstyle.cloud.Application Line:593 - No active profile set, falling back to default profiles: default
2019-06-03 17:25:21.295 INFO  org.springframework.boot.context.embedded.AnnotationConfigEmbeddedWebApplicationContext Line:583 - Refreshing org.springframework.boot.context.embedded.AnnotationConfigEmbeddedWebApplicationContext@10970548: startup date [Mon Jun 03 17:25:21 CST 2019]; root of context hierarchy
2019-06-03 17:25:22.517 INFO  org.springframework.context.support.PostProcessorRegistrationDelegate$BeanPostProcessorChecker Line:327 - Bean 'org.springframework.transaction.annotation.ProxyTransactionManagementConfiguration' of type [org.springframework.transaction.annotation.ProxyTransactionManagementConfiguration$$EnhancerBySpringCGLIB$$7c5553c2] is not eligible for getting processed by all BeanPostProcessors (for example: not eligible for auto-proxying)
2019-06-03 17:25:22.914 INFO  org.xnio Line:104 - XNIO version 3.3.8.Final
2019-06-03 17:25:22.934 INFO  org.xnio.nio Line:55  - XNIO NIO Implementation Version 3.3.8.Final
2019-06-03 17:25:23.149 INFO  io.undertow.servlet Line:360 - Initializing Spring embedded WebApplicationContext
2019-06-03 17:25:23.150 INFO  org.springframework.web.context.ContextLoader Line:276 - Root WebApplicationContext: initialization completed in 1855 ms
2019-06-03 17:25:23.305 INFO  org.springframework.boot.web.servlet.ServletRegistrationBean Line:190 - Mapping servlet: 'dispatcherServlet' to [/]
2019-06-03 17:25:23.311 INFO  org.springframework.boot.web.servlet.FilterRegistrationBean Line:258 - Mapping filter: 'characterEncodingFilter' to: [/*]
2019-06-03 17:25:23.312 INFO  org.springframework.boot.web.servlet.FilterRegistrationBean Line:258 - Mapping filter: 'hiddenHttpMethodFilter' to: [/*]
2019-06-03 17:25:23.312 INFO  org.springframework.boot.web.servlet.FilterRegistrationBean Line:258 - Mapping filter: 'httpPutFormContentFilter' to: [/*]
2019-06-03 17:25:23.313 INFO  org.springframework.boot.web.servlet.FilterRegistrationBean Line:258 - Mapping filter: 'requestContextFilter' to: [/*]
2019-06-03 17:25:23.721 INFO  org.springframework.orm.jpa.LocalContainerEntityManagerFactoryBean Line:356 - Building JPA container EntityManagerFactory for persistence unit 'default'
2019-06-03 17:25:23.738 INFO  org.hibernate.jpa.internal.util.LogHelper Line:31  - HHH000204: Processing PersistenceUnitInfo [
	name: default
	...]
2019-06-03 17:25:23.819 INFO  org.hibernate.Version Line:37  - HHH000412: Hibernate Core {5.0.12.Final}
2019-06-03 17:25:23.821 INFO  org.hibernate.cfg.Environment Line:213 - HHH000206: hibernate.properties not found
2019-06-03 17:25:23.823 INFO  org.hibernate.cfg.Environment Line:317 - HHH000021: Bytecode provider name : javassist
2019-06-03 17:25:23.866 INFO  org.hibernate.annotations.common.Version Line:66  - HCANN000001: Hibernate Commons Annotations {5.0.1.Final}
2019-06-03 17:25:24.403 INFO  org.hibernate.dialect.Dialect Line:156 - HHH000400: Using dialect: org.hibernate.dialect.MySQL5Dialect
2019-06-03 17:25:24.418 INFO  org.hibernate.engine.jdbc.env.internal.LobCreatorBuilderImpl Line:63  - HHH000422: Disabling contextual LOB creation as connection was null
2019-06-03 17:25:24.897 INFO  org.hibernate.tool.hbm2ddl.SchemaUpdate Line:105 - HHH000228: Running hbm2ddl schema update
2019-06-03 17:25:24.921 INFO  org.springframework.boot.autoconfigure.logging.AutoConfigurationReportLoggingInitializer Line:101 - 

Error starting ApplicationContext. To display the auto-configuration report re-run your application with 'debug' enabled.
2019-06-03 17:26:08.850 INFO  com.itstyle.cloud.Application Line:48  - Starting Application on WIN10-2019 with PID 21916 (D:\Develop\github\CloudDisk\target\classes started by Administrator in D:\Develop\github\CloudDisk)
2019-06-03 17:26:08.852 INFO  com.itstyle.cloud.Application Line:593 - No active profile set, falling back to default profiles: default
2019-06-03 17:26:09.098 INFO  org.springframework.boot.context.embedded.AnnotationConfigEmbeddedWebApplicationContext Line:583 - Refreshing org.springframework.boot.context.embedded.AnnotationConfigEmbeddedWebApplicationContext@56719a9d: startup date [Mon Jun 03 17:26:09 CST 2019]; root of context hierarchy
2019-06-03 17:26:10.545 INFO  org.springframework.context.support.PostProcessorRegistrationDelegate$BeanPostProcessorChecker Line:327 - Bean 'org.springframework.transaction.annotation.ProxyTransactionManagementConfiguration' of type [org.springframework.transaction.annotation.ProxyTransactionManagementConfiguration$$EnhancerBySpringCGLIB$$c2a270e5] is not eligible for getting processed by all BeanPostProcessors (for example: not eligible for auto-proxying)
2019-06-03 17:26:10.833 INFO  org.xnio Line:104 - XNIO version 3.3.8.Final
2019-06-03 17:26:10.847 INFO  org.xnio.nio Line:55  - XNIO NIO Implementation Version 3.3.8.Final
2019-06-03 17:26:10.986 INFO  io.undertow.servlet Line:360 - Initializing Spring embedded WebApplicationContext
2019-06-03 17:26:10.986 INFO  org.springframework.web.context.ContextLoader Line:276 - Root WebApplicationContext: initialization completed in 1888 ms
2019-06-03 17:26:11.093 INFO  org.springframework.boot.web.servlet.ServletRegistrationBean Line:190 - Mapping servlet: 'dispatcherServlet' to [/]
2019-06-03 17:26:11.103 INFO  org.springframework.boot.web.servlet.FilterRegistrationBean Line:258 - Mapping filter: 'characterEncodingFilter' to: [/*]
2019-06-03 17:26:11.105 INFO  org.springframework.boot.web.servlet.FilterRegistrationBean Line:258 - Mapping filter: 'hiddenHttpMethodFilter' to: [/*]
2019-06-03 17:26:11.106 INFO  org.springframework.boot.web.servlet.FilterRegistrationBean Line:258 - Mapping filter: 'httpPutFormContentFilter' to: [/*]
2019-06-03 17:26:11.106 INFO  org.springframework.boot.web.servlet.FilterRegistrationBean Line:258 - Mapping filter: 'requestContextFilter' to: [/*]
2019-06-03 17:26:11.493 INFO  org.springframework.orm.jpa.LocalContainerEntityManagerFactoryBean Line:356 - Building JPA container EntityManagerFactory for persistence unit 'default'
2019-06-03 17:26:11.509 INFO  org.hibernate.jpa.internal.util.LogHelper Line:31  - HHH000204: Processing PersistenceUnitInfo [
	name: default
	...]
2019-06-03 17:26:11.571 INFO  org.hibernate.Version Line:37  - HHH000412: Hibernate Core {5.0.12.Final}
2019-06-03 17:26:11.573 INFO  org.hibernate.cfg.Environment Line:213 - HHH000206: hibernate.properties not found
2019-06-03 17:26:11.575 INFO  org.hibernate.cfg.Environment Line:317 - HHH000021: Bytecode provider name : javassist
2019-06-03 17:26:11.609 INFO  org.hibernate.annotations.common.Version Line:66  - HCANN000001: Hibernate Commons Annotations {5.0.1.Final}
2019-06-03 17:26:12.035 INFO  org.hibernate.dialect.Dialect Line:156 - HHH000400: Using dialect: org.hibernate.dialect.MySQL5Dialect
2019-06-03 17:26:12.369 INFO  org.hibernate.tool.hbm2ddl.SchemaUpdate Line:105 - HHH000228: Running hbm2ddl schema update
2019-06-03 17:26:12.381 INFO  org.hibernate.tool.schema.extract.internal.InformationExtractorJdbcDatabaseMetaDataImpl Line:365 - HHH000262: Table not found: sys_user
2019-06-03 17:26:12.382 INFO  org.hibernate.tool.schema.extract.internal.InformationExtractorJdbcDatabaseMetaDataImpl Line:365 - HHH000262: Table not found: sys_user
2019-06-03 17:26:12.437 INFO  org.springframework.orm.jpa.LocalContainerEntityManagerFactoryBean Line:392 - Initialized JPA EntityManagerFactory for persistence unit 'default'
2019-06-03 17:26:13.483 INFO  org.springframework.web.servlet.mvc.method.annotation.RequestMappingHandlerAdapter Line:534 - Looking for @ControllerAdvice: org.springframework.boot.context.embedded.AnnotationConfigEmbeddedWebApplicationContext@56719a9d: startup date [Mon Jun 03 17:26:09 CST 2019]; root of context hierarchy
2019-06-03 17:26:13.565 INFO  org.springframework.web.servlet.mvc.method.annotation.RequestMappingHandlerMapping Line:543 - Mapped "{[/{module}/{sub}/{url}.shtml]}" onto public java.lang.String com.itstyle.cloud.common.config.IndexController.page(java.lang.String,java.lang.String,java.lang.String)
2019-06-03 17:26:13.570 INFO  org.springframework.web.servlet.mvc.method.annotation.RequestMappingHandlerMapping Line:543 - Mapped "{[/{module}/{url}.shtml]}" onto public java.lang.String com.itstyle.cloud.common.config.IndexController.page(java.lang.String,java.lang.String)
2019-06-03 17:26:13.570 INFO  org.springframework.web.servlet.mvc.method.annotation.RequestMappingHandlerMapping Line:543 - Mapped "{[/{url}.shtml]}" onto public java.lang.String com.itstyle.cloud.common.config.IndexController.page(java.lang.String)
2019-06-03 17:26:13.572 INFO  org.springframework.web.servlet.mvc.method.annotation.RequestMappingHandlerMapping Line:543 - Mapped "{[/elfinder/connector]}" onto public void com.itstyle.cloud.web.CloudDiskController.connector(javax.servlet.http.HttpServletRequest,javax.servlet.http.HttpServletResponse) throws java.io.IOException
2019-06-03 17:26:13.572 INFO  org.springframework.web.servlet.mvc.method.annotation.RequestMappingHandlerMapping Line:543 - Mapped "{[/user/login]}" onto private com.itstyle.cloud.common.entity.Result com.itstyle.cloud.web.UserController.login(java.lang.String,java.lang.String)
2019-06-03 17:26:13.575 INFO  org.springframework.web.servlet.mvc.method.annotation.RequestMappingHandlerMapping Line:543 - Mapped "{[/error]}" onto public org.springframework.http.ResponseEntity<java.util.Map<java.lang.String, java.lang.Object>> org.springframework.boot.autoconfigure.web.BasicErrorController.error(javax.servlet.http.HttpServletRequest)
2019-06-03 17:26:13.577 INFO  org.springframework.web.servlet.mvc.method.annotation.RequestMappingHandlerMapping Line:543 - Mapped "{[/error],produces=[text/html]}" onto public org.springframework.web.servlet.ModelAndView org.springframework.boot.autoconfigure.web.BasicErrorController.errorHtml(javax.servlet.http.HttpServletRequest,javax.servlet.http.HttpServletResponse)
2019-06-03 17:26:13.594 INFO  org.springframework.web.servlet.handler.SimpleUrlHandlerMapping Line:349 - Root mapping to handler of type [class org.springframework.web.servlet.mvc.ParameterizableViewController]
2019-06-03 17:26:13.607 INFO  org.springframework.web.servlet.handler.SimpleUrlHandlerMapping Line:362 - Mapped URL path [/webjars/**] onto handler of type [class org.springframework.web.servlet.resource.ResourceHttpRequestHandler]
2019-06-03 17:26:13.607 INFO  org.springframework.web.servlet.handler.SimpleUrlHandlerMapping Line:362 - Mapped URL path [/**] onto handler of type [class org.springframework.web.servlet.resource.ResourceHttpRequestHandler]
2019-06-03 17:26:13.624 INFO  org.springframework.web.servlet.mvc.method.annotation.ExceptionHandlerExceptionResolver Line:273 - Detected @ExceptionHandler methods in RRExceptionHandler
2019-06-03 17:26:13.645 INFO  org.springframework.web.servlet.handler.SimpleUrlHandlerMapping Line:362 - Mapped URL path [/**/favicon.ico] onto handler of type [class org.springframework.web.servlet.resource.ResourceHttpRequestHandler]
2019-06-03 17:26:13.973 INFO  org.springframework.boot.devtools.autoconfigure.OptionalLiveReloadServer Line:58  - LiveReload server is running on port 35729
2019-06-03 17:26:14.007 INFO  org.springframework.jmx.export.annotation.AnnotationMBeanExporter Line:431 - Registering beans for JMX exposure on startup
2019-06-03 17:26:14.060 INFO  org.springframework.boot.context.embedded.undertow.UndertowEmbeddedServletContainer Line:160 - Undertow started on port(s) 8090 (http)
2019-06-03 17:26:14.064 INFO  com.itstyle.cloud.Application Line:57  - Started Application in 5.697 seconds (JVM running for 6.243)
2019-06-03 17:26:14.064 INFO  com.itstyle.cloud.Application Line:38  - 私有云盘服务 
2019-06-03 17:26:43.767 INFO  io.undertow.servlet Line:360 - Initializing Spring FrameworkServlet 'dispatcherServlet'
2019-06-03 17:26:43.768 INFO  org.springframework.web.servlet.DispatcherServlet Line:489 - FrameworkServlet 'dispatcherServlet': initialization started
2019-06-03 17:26:43.786 INFO  org.springframework.web.servlet.DispatcherServlet Line:508 - FrameworkServlet 'dispatcherServlet': initialization completed in 17 ms
