2019-06-18 16:00:49.792 INFO  com.itstyle.cloud.Application Line:48  - Starting Application on WIN10-2019 with PID 3240 (D:\Develop\github\CloudDisk\target\classes started by Administrator in D:\Develop\github\CloudDisk)
2019-06-18 16:00:49.800 INFO  com.itstyle.cloud.Application Line:593 - No active profile set, falling back to default profiles: default
2019-06-18 16:00:50.240 INFO  org.springframework.boot.context.embedded.AnnotationConfigEmbeddedWebApplicationContext Line:583 - Refreshing org.springframework.boot.context.embedded.AnnotationConfigEmbeddedWebApplicationContext@ce98924: startup date [Tue Jun 18 16:00:50 CST 2019]; root of context hierarchy
2019-06-18 16:00:51.779 INFO  org.springframework.context.support.PostProcessorRegistrationDelegate$BeanPostProcessorChecker Line:327 - Bean 'org.springframework.transaction.annotation.ProxyTransactionManagementConfiguration' of type [org.springframework.transaction.annotation.ProxyTransactionManagementConfiguration$$EnhancerBySpringCGLIB$$f16880d1] is not eligible for getting processed by all BeanPostProcessors (for example: not eligible for auto-proxying)
2019-06-18 16:00:52.240 INFO  org.xnio Line:104 - XNIO version 3.3.8.Final
2019-06-18 16:00:52.285 INFO  org.xnio.nio Line:55  - XNIO NIO Implementation Version 3.3.8.Final
2019-06-18 16:00:52.509 INFO  io.undertow.servlet Line:360 - Initializing Spring embedded WebApplicationContext
2019-06-18 16:00:52.509 INFO  org.springframework.web.context.ContextLoader Line:276 - Root WebApplicationContext: initialization completed in 2269 ms
2019-06-18 16:00:52.635 INFO  org.springframework.boot.web.servlet.ServletRegistrationBean Line:190 - Mapping servlet: 'dispatcherServlet' to [/]
2019-06-18 16:00:52.640 INFO  org.springframework.boot.web.servlet.FilterRegistrationBean Line:258 - Mapping filter: 'characterEncodingFilter' to: [/*]
2019-06-18 16:00:52.642 INFO  org.springframework.boot.web.servlet.FilterRegistrationBean Line:258 - Mapping filter: 'hiddenHttpMethodFilter' to: [/*]
2019-06-18 16:00:52.643 INFO  org.springframework.boot.web.servlet.FilterRegistrationBean Line:258 - Mapping filter: 'httpPutFormContentFilter' to: [/*]
2019-06-18 16:00:52.644 INFO  org.springframework.boot.web.servlet.FilterRegistrationBean Line:258 - Mapping filter: 'requestContextFilter' to: [/*]
2019-06-18 16:00:53.024 INFO  org.springframework.orm.jpa.LocalContainerEntityManagerFactoryBean Line:356 - Building JPA container EntityManagerFactory for persistence unit 'default'
2019-06-18 16:00:53.039 INFO  org.hibernate.jpa.internal.util.LogHelper Line:31  - HHH000204: Processing PersistenceUnitInfo [
	name: default
	...]
2019-06-18 16:00:53.117 INFO  org.hibernate.Version Line:37  - HHH000412: Hibernate Core {5.0.12.Final}
2019-06-18 16:00:53.122 INFO  org.hibernate.cfg.Environment Line:213 - HHH000206: hibernate.properties not found
2019-06-18 16:00:53.129 INFO  org.hibernate.cfg.Environment Line:317 - HHH000021: Bytecode provider name : javassist
2019-06-18 16:00:53.199 INFO  org.hibernate.annotations.common.Version Line:66  - HCANN000001: Hibernate Commons Annotations {5.0.1.Final}
2019-06-18 16:00:55.187 INFO  org.hibernate.dialect.Dialect Line:156 - HHH000400: Using dialect: org.hibernate.dialect.MySQL5Dialect
2019-06-18 16:00:55.513 INFO  org.hibernate.tool.hbm2ddl.SchemaUpdate Line:105 - HHH000228: Running hbm2ddl schema update
2019-06-18 16:00:56.124 INFO  org.springframework.orm.jpa.LocalContainerEntityManagerFactoryBean Line:392 - Initialized JPA EntityManagerFactory for persistence unit 'default'
2019-06-18 16:00:57.290 INFO  org.springframework.web.servlet.mvc.method.annotation.RequestMappingHandlerAdapter Line:534 - Looking for @ControllerAdvice: org.springframework.boot.context.embedded.AnnotationConfigEmbeddedWebApplicationContext@ce98924: startup date [Tue Jun 18 16:00:50 CST 2019]; root of context hierarchy
2019-06-18 16:00:57.368 INFO  org.springframework.web.servlet.mvc.method.annotation.RequestMappingHandlerMapping Line:543 - Mapped "{[/{module}/{sub}/{url}.shtml]}" onto public java.lang.String com.itstyle.cloud.common.config.IndexController.page(java.lang.String,java.lang.String,java.lang.String)
2019-06-18 16:00:57.372 INFO  org.springframework.web.servlet.mvc.method.annotation.RequestMappingHandlerMapping Line:543 - Mapped "{[/{module}/{url}.shtml]}" onto public java.lang.String com.itstyle.cloud.common.config.IndexController.page(java.lang.String,java.lang.String)
2019-06-18 16:00:57.373 INFO  org.springframework.web.servlet.mvc.method.annotation.RequestMappingHandlerMapping Line:543 - Mapped "{[/{url}.shtml]}" onto public java.lang.String com.itstyle.cloud.common.config.IndexController.page(java.lang.String)
2019-06-18 16:00:57.374 INFO  org.springframework.web.servlet.mvc.method.annotation.RequestMappingHandlerMapping Line:543 - Mapped "{[/elfinder/connector]}" onto public void com.itstyle.cloud.web.CloudDiskController.connector(javax.servlet.http.HttpServletRequest,javax.servlet.http.HttpServletResponse) throws java.io.IOException
2019-06-18 16:00:57.374 INFO  org.springframework.web.servlet.mvc.method.annotation.RequestMappingHandlerMapping Line:543 - Mapped "{[/user/login]}" onto private com.itstyle.cloud.common.entity.Result com.itstyle.cloud.web.UserController.login(java.lang.String,java.lang.String)
2019-06-18 16:00:57.376 INFO  org.springframework.web.servlet.mvc.method.annotation.RequestMappingHandlerMapping Line:543 - Mapped "{[/error]}" onto public org.springframework.http.ResponseEntity<java.util.Map<java.lang.String, java.lang.Object>> org.springframework.boot.autoconfigure.web.BasicErrorController.error(javax.servlet.http.HttpServletRequest)
2019-06-18 16:00:57.377 INFO  org.springframework.web.servlet.mvc.method.annotation.RequestMappingHandlerMapping Line:543 - Mapped "{[/error],produces=[text/html]}" onto public org.springframework.web.servlet.ModelAndView org.springframework.boot.autoconfigure.web.BasicErrorController.errorHtml(javax.servlet.http.HttpServletRequest,javax.servlet.http.HttpServletResponse)
2019-06-18 16:00:57.391 INFO  org.springframework.web.servlet.handler.SimpleUrlHandlerMapping Line:349 - Root mapping to handler of type [class org.springframework.web.servlet.mvc.ParameterizableViewController]
2019-06-18 16:00:57.407 INFO  org.springframework.web.servlet.handler.SimpleUrlHandlerMapping Line:362 - Mapped URL path [/webjars/**] onto handler of type [class org.springframework.web.servlet.resource.ResourceHttpRequestHandler]
2019-06-18 16:00:57.408 INFO  org.springframework.web.servlet.handler.SimpleUrlHandlerMapping Line:362 - Mapped URL path [/**] onto handler of type [class org.springframework.web.servlet.resource.ResourceHttpRequestHandler]
2019-06-18 16:00:57.424 INFO  org.springframework.web.servlet.mvc.method.annotation.ExceptionHandlerExceptionResolver Line:273 - Detected @ExceptionHandler methods in RRExceptionHandler
2019-06-18 16:00:57.447 INFO  org.springframework.web.servlet.handler.SimpleUrlHandlerMapping Line:362 - Mapped URL path [/**/favicon.ico] onto handler of type [class org.springframework.web.servlet.resource.ResourceHttpRequestHandler]
2019-06-18 16:00:57.852 INFO  org.springframework.boot.devtools.autoconfigure.OptionalLiveReloadServer Line:58  - LiveReload server is running on port 35729
2019-06-18 16:00:57.899 INFO  org.springframework.jmx.export.annotation.AnnotationMBeanExporter Line:431 - Registering beans for JMX exposure on startup
2019-06-18 16:00:57.956 INFO  org.springframework.boot.context.embedded.undertow.UndertowEmbeddedServletContainer Line:160 - Undertow started on port(s) 8090 (http)
2019-06-18 16:00:57.963 INFO  com.itstyle.cloud.Application Line:57  - Started Application in 8.879 seconds (JVM running for 10.325)
2019-06-18 16:00:57.963 INFO  com.itstyle.cloud.Application Line:38  - 私有云盘服务 
2019-06-18 16:03:15.049 INFO  io.undertow.servlet Line:360 - Initializing Spring FrameworkServlet 'dispatcherServlet'
2019-06-18 16:03:15.050 INFO  org.springframework.web.servlet.DispatcherServlet Line:489 - FrameworkServlet 'dispatcherServlet': initialization started
2019-06-18 16:03:15.082 INFO  org.springframework.web.servlet.DispatcherServlet Line:508 - FrameworkServlet 'dispatcherServlet': initialization completed in 31 ms
